Apr 06, 2025 11:44:23 PM seedu.internsprint.logic.command.internship.AddGeneralInternshipCommand createInternship
INFO: Creating General Internship
Apr 06, 2025 11:44:23 PM seedu.internsprint.logic.command.internship.AddGeneralInternshipCommand createInternship
INFO: Creating General Internship
Apr 06, 2025 11:44:23 PM seedu.internsprint.logic.command.internship.AddGeneralInternshipCommand createInternship
INFO: Creating General Internship
Apr 06, 2025 11:44:23 PM seedu.internsprint.logic.command.internship.AddGeneralInternshipCommand createInternship
INFO: Creating General Internship
Apr 06, 2025 11:44:23 PM seedu.internsprint.logic.command.internship.AddGeneralInternshipCommand createInternship
INFO: Creating General Internship
Apr 06, 2025 11:44:23 PM seedu.internsprint.logic.command.internship.AddGeneralInternshipCommand createInternship
INFO: Creating General Internship
Apr 06, 2025 11:44:23 PM seedu.internsprint.logic.command.internship.AddGeneralInternshipCommand createInternship
INFO: Creating General Internship
Apr 06, 2025 11:44:23 PM seedu.internsprint.logic.command.internship.AddGeneralInternshipCommand createInternship
INFO: Creating General Internship
Apr 06, 2025 11:44:23 PM seedu.internsprint.logic.command.internship.AddGeneralInternshipCommand createInternship
INFO: Creating General Internship
Apr 06, 2025 11:44:23 PM seedu.internsprint.logic.command.internship.AddGeneralInternshipCommand createInternship
INFO: Creating General Internship
Apr 06, 2025 11:44:23 PM seedu.internsprint.logic.command.internship.AddGeneralInternshipCommand createInternship
INFO: Creating General Internship
Apr 06, 2025 11:44:23 PM seedu.internsprint.logic.command.internship.AddGeneralInternshipCommand createInternship
INFO: Creating General Internship
Apr 06, 2025 11:44:23 PM seedu.internsprint.logic.command.internship.AddGeneralInternshipCommand createInternship
INFO: Creating General Internship
Apr 06, 2025 11:44:23 PM seedu.internsprint.logic.command.internship.AddGeneralInternshipCommand createInternship
INFO: Creating General Internship
Apr 06, 2025 11:44:23 PM seedu.internsprint.logic.command.internship.AddHardwareInternshipCommand createInternship
INFO: Creating Hardware Internship
Apr 06, 2025 11:44:23 PM seedu.internsprint.logic.command.internship.AddHardwareInternshipCommand createInternship
INFO: Creating Hardware Internship
Apr 06, 2025 11:44:23 PM seedu.internsprint.logic.command.internship.AddHardwareInternshipCommand createInternship
INFO: Creating Hardware Internship
Apr 06, 2025 11:44:23 PM seedu.internsprint.logic.command.internship.AddHardwareInternshipCommand createInternship
INFO: Creating Hardware Internship
Apr 06, 2025 11:44:23 PM seedu.internsprint.logic.command.internship.AddHardwareInternshipCommand createInternship
INFO: Creating Hardware Internship
Apr 06, 2025 11:44:23 PM seedu.internsprint.logic.command.internship.AddHardwareInternshipCommand createInternship
INFO: Creating Hardware Internship
Apr 06, 2025 11:44:23 PM seedu.internsprint.logic.command.internship.AddInternshipCommand execute
INFO: Executing add command
Apr 06, 2025 11:44:23 PM seedu.internsprint.logic.command.internship.AddSoftwareInternshipCommand createInternship
INFO: Creating Software Internship
Apr 06, 2025 11:44:23 PM seedu.internsprint.storage.InternshipStorageHandler save
INFO: Saving Internships to file ...
Apr 06, 2025 11:44:23 PM seedu.internsprint.storage.InternshipStorageHandler save
INFO: Successfully saved 1 Internships to file C:\Users\USER\Desktop\CS2113\tp\data\internships.txt
Apr 06, 2025 11:44:23 PM seedu.internsprint.storage.InterviewStorageHandler save
INFO: Saving Interviews to file ...
Apr 06, 2025 11:44:23 PM seedu.internsprint.storage.InterviewStorageHandler save
INFO: Successfully saved 0 Interviews to file C:\Users\USER\Desktop\CS2113\tp\data\interviews.txt
Apr 06, 2025 11:44:23 PM seedu.internsprint.logic.command.internship.AddInternshipCommand execute
INFO: Internship added successfully and saved to file
Apr 06, 2025 11:44:23 PM seedu.internsprint.logic.command.CommandResult <init>
INFO: Multiple feedback provided to user...
Apr 06, 2025 11:44:23 PM seedu.internsprint.logic.command.internship.AddInternshipCommand execute
INFO: Executing add command
Apr 06, 2025 11:44:23 PM seedu.internsprint.logic.command.internship.AddSoftwareInternshipCommand createInternship
INFO: Creating Software Internship
Apr 06, 2025 11:44:23 PM seedu.internsprint.logic.command.internship.AddInternshipCommand execute
WARNING: New internship is already present in the list
Apr 06, 2025 11:44:23 PM seedu.internsprint.logic.command.CommandResult <init>
INFO: Multiple feedback provided to user...
Apr 06, 2025 11:44:23 PM seedu.internsprint.logic.command.internship.AddSoftwareInternshipCommand createInternship
INFO: Creating Software Internship
Apr 06, 2025 11:44:23 PM seedu.internsprint.logic.command.internship.AddSoftwareInternshipCommand createInternship
INFO: Creating Software Internship
Apr 06, 2025 11:44:23 PM seedu.internsprint.logic.command.internship.AddSoftwareInternshipCommand createInternship
INFO: Creating Software Internship
Apr 06, 2025 11:44:23 PM seedu.internsprint.logic.command.internship.AddSoftwareInternshipCommand createInternship
INFO: Creating Software Internship
Apr 06, 2025 11:44:23 PM seedu.internsprint.logic.command.internship.AddSoftwareInternshipCommand createInternship
INFO: Creating Software Internship
Apr 06, 2025 11:44:23 PM seedu.internsprint.logic.command.internship.AddSoftwareInternshipCommand createInternship
INFO: Creating Software Internship
Apr 06, 2025 11:44:23 PM seedu.internsprint.logic.command.internship.AddInternshipCommand execute
INFO: Executing add command
Apr 06, 2025 11:44:23 PM seedu.internsprint.logic.command.internship.AddGeneralInternshipCommand createInternship
INFO: Creating General Internship
Apr 06, 2025 11:44:23 PM seedu.internsprint.storage.InternshipStorageHandler save
INFO: Saving Internships to file ...
Apr 06, 2025 11:44:23 PM seedu.internsprint.storage.InternshipStorageHandler save
INFO: Successfully saved 1 Internships to file C:\Users\USER\Desktop\CS2113\tp\data\internships.txt
Apr 06, 2025 11:44:23 PM seedu.internsprint.storage.InterviewStorageHandler save
INFO: Saving Interviews to file ...
Apr 06, 2025 11:44:23 PM seedu.internsprint.storage.InterviewStorageHandler save
INFO: Successfully saved 0 Interviews to file C:\Users\USER\Desktop\CS2113\tp\data\interviews.txt
Apr 06, 2025 11:44:23 PM seedu.internsprint.logic.command.internship.AddInternshipCommand execute
INFO: Internship added successfully and saved to file
Apr 06, 2025 11:44:23 PM seedu.internsprint.logic.command.CommandResult <init>
INFO: Multiple feedback provided to user...
Apr 06, 2025 11:44:23 PM seedu.internsprint.logic.command.internship.AddInternshipCommand execute
INFO: Executing add command
Apr 06, 2025 11:44:23 PM seedu.internsprint.logic.command.internship.AddGeneralInternshipCommand createInternship
INFO: Creating General Internship
Apr 06, 2025 11:44:23 PM seedu.internsprint.storage.InternshipStorageHandler save
INFO: Saving Internships to file ...
Apr 06, 2025 11:44:23 PM seedu.internsprint.storage.InternshipStorageHandler save
INFO: Successfully saved 2 Internships to file C:\Users\USER\Desktop\CS2113\tp\data\internships.txt
Apr 06, 2025 11:44:23 PM seedu.internsprint.storage.InterviewStorageHandler save
INFO: Saving Interviews to file ...
Apr 06, 2025 11:44:23 PM seedu.internsprint.storage.InterviewStorageHandler save
INFO: Successfully saved 0 Interviews to file C:\Users\USER\Desktop\CS2113\tp\data\interviews.txt
Apr 06, 2025 11:44:23 PM seedu.internsprint.logic.command.internship.AddInternshipCommand execute
INFO: Internship added successfully and saved to file
Apr 06, 2025 11:44:23 PM seedu.internsprint.logic.command.CommandResult <init>
INFO: Multiple feedback provided to user...
Apr 06, 2025 11:44:23 PM seedu.internsprint.logic.command.internship.DeleteCommand execute
INFO: Starting Delete Command processing
Apr 06, 2025 11:44:23 PM seedu.internsprint.logic.command.internship.DeleteCommand execute
INFO: Parameters in DeleteCommand: {}
Apr 06, 2025 11:44:23 PM seedu.internsprint.logic.command.CommandResult <init>
INFO: Multiple feedback provided to user...
Apr 06, 2025 11:44:23 PM seedu.internsprint.logic.command.internship.DeleteCommand execute
WARNING: Missing index processing error
Apr 06, 2025 11:44:23 PM seedu.internsprint.logic.command.internship.AddInternshipCommand execute
INFO: Executing add command
Apr 06, 2025 11:44:23 PM seedu.internsprint.logic.command.internship.AddGeneralInternshipCommand createInternship
INFO: Creating General Internship
Apr 06, 2025 11:44:23 PM seedu.internsprint.storage.InternshipStorageHandler save
INFO: Saving Internships to file ...
Apr 06, 2025 11:44:23 PM seedu.internsprint.storage.InternshipStorageHandler save
INFO: Successfully saved 1 Internships to file C:\Users\USER\Desktop\CS2113\tp\data\internships.txt
Apr 06, 2025 11:44:23 PM seedu.internsprint.storage.InterviewStorageHandler save
INFO: Saving Interviews to file ...
Apr 06, 2025 11:44:23 PM seedu.internsprint.storage.InterviewStorageHandler save
INFO: Successfully saved 0 Interviews to file C:\Users\USER\Desktop\CS2113\tp\data\interviews.txt
Apr 06, 2025 11:44:23 PM seedu.internsprint.logic.command.internship.AddInternshipCommand execute
INFO: Internship added successfully and saved to file
Apr 06, 2025 11:44:23 PM seedu.internsprint.logic.command.CommandResult <init>
INFO: Multiple feedback provided to user...
Apr 06, 2025 11:44:23 PM seedu.internsprint.logic.command.internship.AddInternshipCommand execute
INFO: Executing add command
Apr 06, 2025 11:44:23 PM seedu.internsprint.logic.command.internship.AddGeneralInternshipCommand createInternship
INFO: Creating General Internship
Apr 06, 2025 11:44:23 PM seedu.internsprint.storage.InternshipStorageHandler save
INFO: Saving Internships to file ...
Apr 06, 2025 11:44:23 PM seedu.internsprint.storage.InternshipStorageHandler save
INFO: Successfully saved 2 Internships to file C:\Users\USER\Desktop\CS2113\tp\data\internships.txt
Apr 06, 2025 11:44:23 PM seedu.internsprint.storage.InterviewStorageHandler save
INFO: Saving Interviews to file ...
Apr 06, 2025 11:44:23 PM seedu.internsprint.storage.InterviewStorageHandler save
INFO: Successfully saved 0 Interviews to file C:\Users\USER\Desktop\CS2113\tp\data\interviews.txt
Apr 06, 2025 11:44:23 PM seedu.internsprint.logic.command.internship.AddInternshipCommand execute
INFO: Internship added successfully and saved to file
Apr 06, 2025 11:44:23 PM seedu.internsprint.logic.command.CommandResult <init>
INFO: Multiple feedback provided to user...
Apr 06, 2025 11:44:23 PM seedu.internsprint.logic.command.internship.DeleteCommand execute
INFO: Starting Delete Command processing
Apr 06, 2025 11:44:23 PM seedu.internsprint.logic.command.internship.DeleteCommand execute
INFO: Parameters in DeleteCommand: {/index=-1}
Apr 06, 2025 11:44:23 PM seedu.internsprint.logic.command.CommandResult <init>
INFO: Multiple feedback provided to user...
Apr 06, 2025 11:44:23 PM seedu.internsprint.logic.command.internship.DeleteCommand execute
WARNING: Invalid index processing error
Apr 06, 2025 11:44:23 PM seedu.internsprint.logic.command.internship.AddInternshipCommand execute
INFO: Executing add command
Apr 06, 2025 11:44:23 PM seedu.internsprint.logic.command.internship.AddGeneralInternshipCommand createInternship
INFO: Creating General Internship
Apr 06, 2025 11:44:23 PM seedu.internsprint.storage.InternshipStorageHandler save
INFO: Saving Internships to file ...
Apr 06, 2025 11:44:23 PM seedu.internsprint.storage.InternshipStorageHandler save
INFO: Successfully saved 1 Internships to file C:\Users\USER\Desktop\CS2113\tp\data\internships.txt
Apr 06, 2025 11:44:23 PM seedu.internsprint.storage.InterviewStorageHandler save
INFO: Saving Interviews to file ...
Apr 06, 2025 11:44:23 PM seedu.internsprint.storage.InterviewStorageHandler save
INFO: Successfully saved 0 Interviews to file C:\Users\USER\Desktop\CS2113\tp\data\interviews.txt
Apr 06, 2025 11:44:23 PM seedu.internsprint.logic.command.internship.AddInternshipCommand execute
INFO: Internship added successfully and saved to file
Apr 06, 2025 11:44:23 PM seedu.internsprint.logic.command.CommandResult <init>
INFO: Multiple feedback provided to user...
Apr 06, 2025 11:44:23 PM seedu.internsprint.logic.command.internship.AddInternshipCommand execute
INFO: Executing add command
Apr 06, 2025 11:44:23 PM seedu.internsprint.logic.command.internship.AddGeneralInternshipCommand createInternship
INFO: Creating General Internship
Apr 06, 2025 11:44:23 PM seedu.internsprint.storage.InternshipStorageHandler save
INFO: Saving Internships to file ...
Apr 06, 2025 11:44:23 PM seedu.internsprint.storage.InternshipStorageHandler save
INFO: Successfully saved 2 Internships to file C:\Users\USER\Desktop\CS2113\tp\data\internships.txt
Apr 06, 2025 11:44:23 PM seedu.internsprint.storage.InterviewStorageHandler save
INFO: Saving Interviews to file ...
Apr 06, 2025 11:44:23 PM seedu.internsprint.storage.InterviewStorageHandler save
INFO: Successfully saved 0 Interviews to file C:\Users\USER\Desktop\CS2113\tp\data\interviews.txt
Apr 06, 2025 11:44:23 PM seedu.internsprint.logic.command.internship.AddInternshipCommand execute
INFO: Internship added successfully and saved to file
Apr 06, 2025 11:44:23 PM seedu.internsprint.logic.command.CommandResult <init>
INFO: Multiple feedback provided to user...
Apr 06, 2025 11:44:23 PM seedu.internsprint.logic.command.internship.DeleteCommand execute
INFO: Starting Delete Command processing
Apr 06, 2025 11:44:23 PM seedu.internsprint.logic.command.internship.DeleteCommand execute
INFO: Parameters in DeleteCommand: {/index=1}
Apr 06, 2025 11:44:23 PM seedu.internsprint.logic.command.CommandResult <init>
INFO: Multiple feedback provided to user...
Apr 06, 2025 11:44:23 PM seedu.internsprint.logic.command.internship.DeleteCommand execute
WARNING: Invalid index processing error
Apr 06, 2025 11:44:23 PM seedu.internsprint.logic.command.internship.AddInternshipCommand execute
INFO: Executing add command
Apr 06, 2025 11:44:23 PM seedu.internsprint.logic.command.internship.AddGeneralInternshipCommand createInternship
INFO: Creating General Internship
Apr 06, 2025 11:44:23 PM seedu.internsprint.storage.InternshipStorageHandler save
INFO: Saving Internships to file ...
Apr 06, 2025 11:44:23 PM seedu.internsprint.storage.InternshipStorageHandler save
INFO: Successfully saved 1 Internships to file C:\Users\USER\Desktop\CS2113\tp\data\internships.txt
Apr 06, 2025 11:44:23 PM seedu.internsprint.storage.InterviewStorageHandler save
INFO: Saving Interviews to file ...
Apr 06, 2025 11:44:23 PM seedu.internsprint.storage.InterviewStorageHandler save
INFO: Successfully saved 0 Interviews to file C:\Users\USER\Desktop\CS2113\tp\data\interviews.txt
Apr 06, 2025 11:44:23 PM seedu.internsprint.logic.command.internship.AddInternshipCommand execute
INFO: Internship added successfully and saved to file
Apr 06, 2025 11:44:23 PM seedu.internsprint.logic.command.CommandResult <init>
INFO: Multiple feedback provided to user...
Apr 06, 2025 11:44:23 PM seedu.internsprint.logic.command.internship.AddInternshipCommand execute
INFO: Executing add command
Apr 06, 2025 11:44:23 PM seedu.internsprint.logic.command.internship.AddGeneralInternshipCommand createInternship
INFO: Creating General Internship
Apr 06, 2025 11:44:23 PM seedu.internsprint.storage.InternshipStorageHandler save
INFO: Saving Internships to file ...
Apr 06, 2025 11:44:23 PM seedu.internsprint.storage.InternshipStorageHandler save
INFO: Successfully saved 2 Internships to file C:\Users\USER\Desktop\CS2113\tp\data\internships.txt
Apr 06, 2025 11:44:23 PM seedu.internsprint.storage.InterviewStorageHandler save
INFO: Saving Interviews to file ...
Apr 06, 2025 11:44:23 PM seedu.internsprint.storage.InterviewStorageHandler save
INFO: Successfully saved 0 Interviews to file C:\Users\USER\Desktop\CS2113\tp\data\interviews.txt
Apr 06, 2025 11:44:23 PM seedu.internsprint.logic.command.internship.AddInternshipCommand execute
INFO: Internship added successfully and saved to file
Apr 06, 2025 11:44:23 PM seedu.internsprint.logic.command.CommandResult <init>
INFO: Multiple feedback provided to user...
Apr 06, 2025 11:44:23 PM seedu.internsprint.logic.command.internship.DeleteCommand execute
INFO: Starting Delete Command processing
Apr 06, 2025 11:44:23 PM seedu.internsprint.logic.command.internship.DeleteCommand execute
INFO: Parameters in DeleteCommand: {/index=3}
Apr 06, 2025 11:44:23 PM seedu.internsprint.logic.command.CommandResult <init>
INFO: Multiple feedback provided to user...
Apr 06, 2025 11:44:23 PM seedu.internsprint.logic.command.internship.DeleteCommand execute
WARNING: Invalid index processing error
Apr 06, 2025 11:44:23 PM seedu.internsprint.logic.command.internship.AddInternshipCommand execute
INFO: Executing add command
Apr 06, 2025 11:44:23 PM seedu.internsprint.logic.command.internship.AddGeneralInternshipCommand createInternship
INFO: Creating General Internship
Apr 06, 2025 11:44:23 PM seedu.internsprint.storage.InternshipStorageHandler save
INFO: Saving Internships to file ...
Apr 06, 2025 11:44:23 PM seedu.internsprint.storage.InternshipStorageHandler save
INFO: Successfully saved 1 Internships to file C:\Users\USER\Desktop\CS2113\tp\data\internships.txt
Apr 06, 2025 11:44:23 PM seedu.internsprint.storage.InterviewStorageHandler save
INFO: Saving Interviews to file ...
Apr 06, 2025 11:44:23 PM seedu.internsprint.storage.InterviewStorageHandler save
INFO: Successfully saved 0 Interviews to file C:\Users\USER\Desktop\CS2113\tp\data\interviews.txt
Apr 06, 2025 11:44:23 PM seedu.internsprint.logic.command.internship.AddInternshipCommand execute
INFO: Internship added successfully and saved to file
Apr 06, 2025 11:44:23 PM seedu.internsprint.logic.command.CommandResult <init>
INFO: Multiple feedback provided to user...
Apr 06, 2025 11:44:23 PM seedu.internsprint.logic.command.internship.AddInternshipCommand execute
INFO: Executing add command
Apr 06, 2025 11:44:23 PM seedu.internsprint.logic.command.internship.AddGeneralInternshipCommand createInternship
INFO: Creating General Internship
Apr 06, 2025 11:44:23 PM seedu.internsprint.storage.InternshipStorageHandler save
INFO: Saving Internships to file ...
Apr 06, 2025 11:44:23 PM seedu.internsprint.storage.InternshipStorageHandler save
INFO: Successfully saved 2 Internships to file C:\Users\USER\Desktop\CS2113\tp\data\internships.txt
Apr 06, 2025 11:44:23 PM seedu.internsprint.storage.InterviewStorageHandler save
INFO: Saving Interviews to file ...
Apr 06, 2025 11:44:23 PM seedu.internsprint.storage.InterviewStorageHandler save
INFO: Successfully saved 0 Interviews to file C:\Users\USER\Desktop\CS2113\tp\data\interviews.txt
Apr 06, 2025 11:44:23 PM seedu.internsprint.logic.command.internship.AddInternshipCommand execute
INFO: Internship added successfully and saved to file
Apr 06, 2025 11:44:23 PM seedu.internsprint.logic.command.CommandResult <init>
INFO: Multiple feedback provided to user...
Apr 06, 2025 11:44:23 PM seedu.internsprint.logic.command.internship.DescriptionCommand isValidParameters
INFO: Entering check for parameters in description command.
Apr 06, 2025 11:44:23 PM seedu.internsprint.logic.command.internship.DescriptionCommand execute
INFO: Executing description command.
Apr 06, 2025 11:44:23 PM seedu.internsprint.logic.command.internship.DescriptionCommand isValidParameters
INFO: Entering check for parameters in description command.
Apr 06, 2025 11:44:23 PM seedu.internsprint.logic.command.internship.DescriptionCommand execute
INFO: Description of internship successfully shown to user
Apr 06, 2025 11:44:23 PM seedu.internsprint.logic.command.CommandResult <init>
INFO: Multiple feedback provided to user...
Apr 06, 2025 11:44:23 PM seedu.internsprint.logic.command.internship.DescriptionCommand execute
INFO: Executing description command.
Apr 06, 2025 11:44:23 PM seedu.internsprint.logic.command.internship.DescriptionCommand isValidParameters
INFO: Entering check for parameters in description command.
Apr 06, 2025 11:44:23 PM seedu.internsprint.logic.command.internship.DescriptionCommand execute
WARNING: Index for description command is out of range.
java.lang.IllegalArgumentException: Invalid index range: Please enter a valid index within the list.
	at seedu.internsprint.logic.parser.CommandParser.validateIndex(CommandParser.java:231)
	at seedu.internsprint.logic.command.internship.DescriptionCommand.execute(DescriptionCommand.java:89)
	at seedu.internsprint.logic.command.internship.DescriptionCommandTest.isValidParameters_provideInvalidIndex_returnsFalse(DescriptionCommandTest.java:38)
	at java.base/jdk.internal.reflect.NativeMethodAccessorImpl.invoke0(Native Method)
	at java.base/jdk.internal.reflect.NativeMethodAccessorImpl.invoke(NativeMethodAccessorImpl.java:77)
	at java.base/jdk.internal.reflect.DelegatingMethodAccessorImpl.invoke(DelegatingMethodAccessorImpl.java:43)
	at java.base/java.lang.reflect.Method.invoke(Method.java:568)
	at org.junit.platform.commons.util.ReflectionUtils.invokeMethod(ReflectionUtils.java:728)
	at org.junit.jupiter.engine.execution.MethodInvocation.proceed(MethodInvocation.java:60)
	at org.junit.jupiter.engine.execution.InvocationInterceptorChain$ValidatingInvocation.proceed(InvocationInterceptorChain.java:131)
	at org.junit.jupiter.engine.extension.TimeoutExtension.intercept(TimeoutExtension.java:156)
	at org.junit.jupiter.engine.extension.TimeoutExtension.interceptTestableMethod(TimeoutExtension.java:147)
	at org.junit.jupiter.engine.extension.TimeoutExtension.interceptTestMethod(TimeoutExtension.java:86)
	at org.junit.jupiter.engine.execution.InterceptingExecutableInvoker$ReflectiveInterceptorCall.lambda$ofVoidMethod$0(InterceptingExecutableInvoker.java:103)
	at org.junit.jupiter.engine.execution.InterceptingExecutableInvoker.lambda$invoke$0(InterceptingExecutableInvoker.java:93)
	at org.junit.jupiter.engine.execution.InvocationInterceptorChain$InterceptedInvocation.proceed(InvocationInterceptorChain.java:106)
	at org.junit.jupiter.engine.execution.InvocationInterceptorChain.proceed(InvocationInterceptorChain.java:64)
	at org.junit.jupiter.engine.execution.InvocationInterceptorChain.chainAndInvoke(InvocationInterceptorChain.java:45)
	at org.junit.jupiter.engine.execution.InvocationInterceptorChain.invoke(InvocationInterceptorChain.java:37)
	at org.junit.jupiter.engine.execution.InterceptingExecutableInvoker.invoke(InterceptingExecutableInvoker.java:92)
	at org.junit.jupiter.engine.execution.InterceptingExecutableInvoker.invoke(InterceptingExecutableInvoker.java:86)
	at org.junit.jupiter.engine.descriptor.TestMethodTestDescriptor.lambda$invokeTestMethod$7(TestMethodTestDescriptor.java:218)
	at org.junit.platform.engine.support.hierarchical.ThrowableCollector.execute(ThrowableCollector.java:73)
	at org.junit.jupiter.engine.descriptor.TestMethodTestDescriptor.invokeTestMethod(TestMethodTestDescriptor.java:214)
	at org.junit.jupiter.engine.descriptor.TestMethodTestDescriptor.execute(TestMethodTestDescriptor.java:139)
	at org.junit.jupiter.engine.descriptor.TestMethodTestDescriptor.execute(TestMethodTestDescriptor.java:69)
	at org.junit.platform.engine.support.hierarchical.NodeTestTask.lambda$executeRecursively$6(NodeTestTask.java:151)
	at org.junit.platform.engine.support.hierarchical.ThrowableCollector.execute(ThrowableCollector.java:73)
	at org.junit.platform.engine.support.hierarchical.NodeTestTask.lambda$executeRecursively$8(NodeTestTask.java:141)
	at org.junit.platform.engine.support.hierarchical.Node.around(Node.java:137)
	at org.junit.platform.engine.support.hierarchical.NodeTestTask.lambda$executeRecursively$9(NodeTestTask.java:139)
	at org.junit.platform.engine.support.hierarchical.ThrowableCollector.execute(ThrowableCollector.java:73)
	at org.junit.platform.engine.support.hierarchical.NodeTestTask.executeRecursively(NodeTestTask.java:138)
	at org.junit.platform.engine.support.hierarchical.NodeTestTask.execute(NodeTestTask.java:95)
	at java.base/java.util.ArrayList.forEach(ArrayList.java:1511)
	at org.junit.platform.engine.support.hierarchical.SameThreadHierarchicalTestExecutorService.invokeAll(SameThreadHierarchicalTestExecutorService.java:41)
	at org.junit.platform.engine.support.hierarchical.NodeTestTask.lambda$executeRecursively$6(NodeTestTask.java:155)
	at org.junit.platform.engine.support.hierarchical.ThrowableCollector.execute(ThrowableCollector.java:73)
	at org.junit.platform.engine.support.hierarchical.NodeTestTask.lambda$executeRecursively$8(NodeTestTask.java:141)
	at org.junit.platform.engine.support.hierarchical.Node.around(Node.java:137)
	at org.junit.platform.engine.support.hierarchical.NodeTestTask.lambda$executeRecursively$9(NodeTestTask.java:139)
	at org.junit.platform.engine.support.hierarchical.ThrowableCollector.execute(ThrowableCollector.java:73)
	at org.junit.platform.engine.support.hierarchical.NodeTestTask.executeRecursively(NodeTestTask.java:138)
	at org.junit.platform.engine.support.hierarchical.NodeTestTask.execute(NodeTestTask.java:95)
	at java.base/java.util.ArrayList.forEach(ArrayList.java:1511)
	at org.junit.platform.engine.support.hierarchical.SameThreadHierarchicalTestExecutorService.invokeAll(SameThreadHierarchicalTestExecutorService.java:41)
	at org.junit.platform.engine.support.hierarchical.NodeTestTask.lambda$executeRecursively$6(NodeTestTask.java:155)
	at org.junit.platform.engine.support.hierarchical.ThrowableCollector.execute(ThrowableCollector.java:73)
	at org.junit.platform.engine.support.hierarchical.NodeTestTask.lambda$executeRecursively$8(NodeTestTask.java:141)
	at org.junit.platform.engine.support.hierarchical.Node.around(Node.java:137)
	at org.junit.platform.engine.support.hierarchical.NodeTestTask.lambda$executeRecursively$9(NodeTestTask.java:139)
	at org.junit.platform.engine.support.hierarchical.ThrowableCollector.execute(ThrowableCollector.java:73)
	at org.junit.platform.engine.support.hierarchical.NodeTestTask.executeRecursively(NodeTestTask.java:138)
	at org.junit.platform.engine.support.hierarchical.NodeTestTask.execute(NodeTestTask.java:95)
	at org.junit.platform.engine.support.hierarchical.SameThreadHierarchicalTestExecutorService.submit(SameThreadHierarchicalTestExecutorService.java:35)
	at org.junit.platform.engine.support.hierarchical.HierarchicalTestExecutor.execute(HierarchicalTestExecutor.java:57)
	at org.junit.platform.engine.support.hierarchical.HierarchicalTestEngine.execute(HierarchicalTestEngine.java:54)
	at org.junit.platform.launcher.core.EngineExecutionOrchestrator.execute(EngineExecutionOrchestrator.java:107)
	at org.junit.platform.launcher.core.EngineExecutionOrchestrator.execute(EngineExecutionOrchestrator.java:88)
	at org.junit.platform.launcher.core.EngineExecutionOrchestrator.lambda$execute$0(EngineExecutionOrchestrator.java:54)
	at org.junit.platform.launcher.core.EngineExecutionOrchestrator.withInterceptedStreams(EngineExecutionOrchestrator.java:67)
	at org.junit.platform.launcher.core.EngineExecutionOrchestrator.execute(EngineExecutionOrchestrator.java:52)
	at org.junit.platform.launcher.core.DefaultLauncher.execute(DefaultLauncher.java:114)
	at org.junit.platform.launcher.core.DefaultLauncher.execute(DefaultLauncher.java:86)
	at org.junit.platform.launcher.core.DefaultLauncherSession$DelegatingLauncher.execute(DefaultLauncherSession.java:86)
	at org.junit.platform.launcher.core.SessionPerRequestLauncher.execute(SessionPerRequestLauncher.java:53)
	at org.gradle.api.internal.tasks.testing.junitplatform.JUnitPlatformTestClassProcessor$CollectAllTestClassesExecutor.processAllTestClasses(JUnitPlatformTestClassProcessor.java:99)
	at org.gradle.api.internal.tasks.testing.junitplatform.JUnitPlatformTestClassProcessor$CollectAllTestClassesExecutor.access$000(JUnitPlatformTestClassProcessor.java:79)
	at org.gradle.api.internal.tasks.testing.junitplatform.JUnitPlatformTestClassProcessor.stop(JUnitPlatformTestClassProcessor.java:75)
	at org.gradle.api.internal.tasks.testing.SuiteTestClassProcessor.stop(SuiteTestClassProcessor.java:62)
	at java.base/jdk.internal.reflect.NativeMethodAccessorImpl.invoke0(Native Method)
	at java.base/jdk.internal.reflect.NativeMethodAccessorImpl.invoke(NativeMethodAccessorImpl.java:77)
	at java.base/jdk.internal.reflect.DelegatingMethodAccessorImpl.invoke(DelegatingMethodAccessorImpl.java:43)
	at java.base/java.lang.reflect.Method.invoke(Method.java:568)
	at org.gradle.internal.dispatch.ReflectionDispatch.dispatch(ReflectionDispatch.java:36)
	at org.gradle.internal.dispatch.ReflectionDispatch.dispatch(ReflectionDispatch.java:24)
	at org.gradle.internal.dispatch.ContextClassLoaderDispatch.dispatch(ContextClassLoaderDispatch.java:33)
	at org.gradle.internal.dispatch.ProxyDispatchAdapter$DispatchingInvocationHandler.invoke(ProxyDispatchAdapter.java:94)
	at jdk.proxy1/jdk.proxy1.$Proxy2.stop(Unknown Source)
	at org.gradle.api.internal.tasks.testing.worker.TestWorker$3.run(TestWorker.java:193)
	at org.gradle.api.internal.tasks.testing.worker.TestWorker.executeAndMaintainThreadName(TestWorker.java:129)
	at org.gradle.api.internal.tasks.testing.worker.TestWorker.execute(TestWorker.java:100)
	at org.gradle.api.internal.tasks.testing.worker.TestWorker.execute(TestWorker.java:60)
	at org.gradle.process.internal.worker.child.ActionExecutionWorker.execute(ActionExecutionWorker.java:56)
	at org.gradle.process.internal.worker.child.SystemApplicationClassLoaderWorker.call(SystemApplicationClassLoaderWorker.java:113)
	at org.gradle.process.internal.worker.child.SystemApplicationClassLoaderWorker.call(SystemApplicationClassLoaderWorker.java:65)
	at worker.org.gradle.process.internal.worker.GradleWorkerMain.run(GradleWorkerMain.java:69)
	at worker.org.gradle.process.internal.worker.GradleWorkerMain.main(GradleWorkerMain.java:74)

Apr 06, 2025 11:44:23 PM seedu.internsprint.logic.command.CommandResult <init>
INFO: Multiple feedback provided to user...
Apr 06, 2025 11:44:23 PM seedu.internsprint.logic.command.internship.EditCommand execute
INFO: Entering execute for edit command...
Apr 06, 2025 11:44:23 PM seedu.internsprint.logic.command.internship.EditCommand isValidParameters
INFO: Entering check for parameters in edit command.
Apr 06, 2025 11:44:23 PM seedu.internsprint.logic.command.internship.EditCommand editParametersForFoundInternships
INFO: Editing given parameters...
Apr 06, 2025 11:44:23 PM seedu.internsprint.storage.InternshipStorageHandler save
INFO: Saving Internships to file ...
Apr 06, 2025 11:44:23 PM seedu.internsprint.storage.InternshipStorageHandler save
INFO: Successfully saved 2 Internships to file C:\Users\USER\Desktop\CS2113\tp\data\internships.txt
Apr 06, 2025 11:44:23 PM seedu.internsprint.storage.InterviewStorageHandler save
INFO: Saving Interviews to file ...
Apr 06, 2025 11:44:23 PM seedu.internsprint.storage.InterviewStorageHandler save
INFO: Successfully saved 0 Interviews to file C:\Users\USER\Desktop\CS2113\tp\data\interviews.txt
Apr 06, 2025 11:44:23 PM seedu.internsprint.logic.command.internship.EditCommand execute
INFO: Finished processing for exit command
Apr 06, 2025 11:44:23 PM seedu.internsprint.logic.command.CommandResult <init>
INFO: Multiple feedback provided to user...
Apr 06, 2025 11:44:23 PM seedu.internsprint.logic.command.internship.EditCommand isValidParameters
INFO: Entering check for parameters in edit command.
Apr 06, 2025 11:44:23 PM seedu.internsprint.logic.command.internship.EditCommand isValidParameters
INFO: Entering check for parameters in edit command.
Apr 06, 2025 11:44:23 PM seedu.internsprint.logic.command.internship.EditCommand isValidParameters
WARNING: There is no specified index.
Apr 06, 2025 11:44:23 PM seedu.internsprint.logic.command.internship.EditCommand isValidParameters
INFO: Entering check for parameters in edit command.
Apr 06, 2025 11:44:23 PM seedu.internsprint.logic.command.internship.EditCommand isValidParameters
WARNING: There is a flag that is out of specified optional parameters.
Apr 06, 2025 11:44:23 PM seedu.internsprint.logic.command.internship.EditCommand execute
INFO: Entering execute for edit command...
Apr 06, 2025 11:44:23 PM seedu.internsprint.logic.command.internship.EditCommand isValidParameters
INFO: Entering check for parameters in edit command.
Apr 06, 2025 11:44:23 PM seedu.internsprint.logic.command.internship.EditCommand editParametersForFoundInternships
INFO: Editing given parameters...
Apr 06, 2025 11:44:23 PM seedu.internsprint.storage.InternshipStorageHandler save
INFO: Saving Internships to file ...
Apr 06, 2025 11:44:23 PM seedu.internsprint.storage.InternshipStorageHandler save
INFO: Successfully saved 1 Internships to file C:\Users\USER\Desktop\CS2113\tp\data\internships.txt
Apr 06, 2025 11:44:23 PM seedu.internsprint.storage.InterviewStorageHandler save
INFO: Saving Interviews to file ...
Apr 06, 2025 11:44:23 PM seedu.internsprint.storage.InterviewStorageHandler save
INFO: Successfully saved 0 Interviews to file C:\Users\USER\Desktop\CS2113\tp\data\interviews.txt
Apr 06, 2025 11:44:23 PM seedu.internsprint.logic.command.internship.EditCommand execute
INFO: Finished processing for exit command
Apr 06, 2025 11:44:23 PM seedu.internsprint.logic.command.CommandResult <init>
INFO: Multiple feedback provided to user...
Apr 06, 2025 11:44:23 PM seedu.internsprint.logic.command.internship.EditCommand execute
INFO: Entering execute for edit command...
Apr 06, 2025 11:44:23 PM seedu.internsprint.logic.command.internship.EditCommand isValidParameters
INFO: Entering check for parameters in edit command.
Apr 06, 2025 11:44:23 PM seedu.internsprint.logic.command.internship.EditCommand editParametersForFoundInternships
INFO: Editing given parameters...
Apr 06, 2025 11:44:23 PM seedu.internsprint.storage.InternshipStorageHandler save
INFO: Saving Internships to file ...
Apr 06, 2025 11:44:23 PM seedu.internsprint.storage.InternshipStorageHandler save
INFO: Successfully saved 1 Internships to file C:\Users\USER\Desktop\CS2113\tp\data\internships.txt
Apr 06, 2025 11:44:23 PM seedu.internsprint.storage.InterviewStorageHandler save
INFO: Saving Interviews to file ...
Apr 06, 2025 11:44:23 PM seedu.internsprint.storage.InterviewStorageHandler save
INFO: Successfully saved 0 Interviews to file C:\Users\USER\Desktop\CS2113\tp\data\interviews.txt
Apr 06, 2025 11:44:23 PM seedu.internsprint.logic.command.internship.EditCommand execute
INFO: Finished processing for exit command
Apr 06, 2025 11:44:23 PM seedu.internsprint.logic.command.CommandResult <init>
INFO: Multiple feedback provided to user...
Apr 06, 2025 11:44:23 PM seedu.internsprint.logic.command.internship.EditCommand execute
INFO: Entering execute for edit command...
Apr 06, 2025 11:44:23 PM seedu.internsprint.logic.command.internship.EditCommand isValidParameters
INFO: Entering check for parameters in edit command.
Apr 06, 2025 11:44:24 PM seedu.internsprint.logic.command.internship.EditCommand editParametersForFoundInternships
INFO: Editing given parameters...
Apr 06, 2025 11:44:24 PM seedu.internsprint.storage.InternshipStorageHandler save
INFO: Saving Internships to file ...
Apr 06, 2025 11:44:24 PM seedu.internsprint.storage.InternshipStorageHandler save
INFO: Successfully saved 1 Internships to file C:\Users\USER\Desktop\CS2113\tp\data\internships.txt
Apr 06, 2025 11:44:24 PM seedu.internsprint.storage.InterviewStorageHandler save
INFO: Saving Interviews to file ...
Apr 06, 2025 11:44:24 PM seedu.internsprint.storage.InterviewStorageHandler save
INFO: Successfully saved 0 Interviews to file C:\Users\USER\Desktop\CS2113\tp\data\interviews.txt
Apr 06, 2025 11:44:24 PM seedu.internsprint.logic.command.internship.EditCommand execute
INFO: Finished processing for exit command
Apr 06, 2025 11:44:24 PM seedu.internsprint.logic.command.CommandResult <init>
INFO: Multiple feedback provided to user...
Apr 06, 2025 11:44:24 PM seedu.internsprint.logic.command.internship.EditCommand execute
INFO: Entering execute for edit command...
Apr 06, 2025 11:44:24 PM seedu.internsprint.logic.command.internship.EditCommand isValidParameters
INFO: Entering check for parameters in edit command.
Apr 06, 2025 11:44:24 PM seedu.internsprint.logic.command.internship.EditCommand editParametersForFoundInternships
INFO: Editing given parameters...
Apr 06, 2025 11:44:24 PM seedu.internsprint.logic.command.CommandResult <init>
INFO: Multiple feedback provided to user...
Apr 06, 2025 11:44:24 PM seedu.internsprint.logic.command.internship.EditCommand isValidParameters
INFO: Entering check for parameters in edit command.
Apr 06, 2025 11:44:24 PM seedu.internsprint.logic.command.internship.EditCommand isValidParameters
WARNING: There is no specified index.
Apr 06, 2025 11:44:24 PM seedu.internsprint.logic.command.internship.EditCommand execute
INFO: Entering execute for edit command...
Apr 06, 2025 11:44:24 PM seedu.internsprint.logic.command.internship.EditCommand isValidParameters
INFO: Entering check for parameters in edit command.
Apr 06, 2025 11:44:24 PM seedu.internsprint.logic.command.internship.EditCommand editParametersForFoundInternships
INFO: Editing given parameters...
Apr 06, 2025 11:44:24 PM seedu.internsprint.storage.InternshipStorageHandler save
INFO: Saving Internships to file ...
Apr 06, 2025 11:44:24 PM seedu.internsprint.storage.InternshipStorageHandler save
INFO: Successfully saved 1 Internships to file C:\Users\USER\Desktop\CS2113\tp\data\internships.txt
Apr 06, 2025 11:44:24 PM seedu.internsprint.storage.InterviewStorageHandler save
INFO: Saving Interviews to file ...
Apr 06, 2025 11:44:24 PM seedu.internsprint.storage.InterviewStorageHandler save
INFO: Successfully saved 0 Interviews to file C:\Users\USER\Desktop\CS2113\tp\data\interviews.txt
Apr 06, 2025 11:44:24 PM seedu.internsprint.logic.command.internship.EditCommand execute
INFO: Finished processing for exit command
Apr 06, 2025 11:44:24 PM seedu.internsprint.logic.command.CommandResult <init>
INFO: Multiple feedback provided to user...
Apr 06, 2025 11:44:24 PM seedu.internsprint.logic.command.internship.EditCommand execute
INFO: Entering execute for edit command...
Apr 06, 2025 11:44:24 PM seedu.internsprint.logic.command.internship.EditCommand isValidParameters
INFO: Entering check for parameters in edit command.
Apr 06, 2025 11:44:24 PM seedu.internsprint.logic.command.internship.EditCommand editParametersForFoundInternships
INFO: Editing given parameters...
Apr 06, 2025 11:44:24 PM seedu.internsprint.logic.command.internship.EditCommand execute
WARNING: Internship not found
Apr 06, 2025 11:44:24 PM seedu.internsprint.logic.command.CommandResult <init>
INFO: One line of feedback provided to user...
Apr 06, 2025 11:44:24 PM seedu.internsprint.logic.command.internship.FindCommand execute
INFO: Starting Find Command processing
Apr 06, 2025 11:44:24 PM seedu.internsprint.logic.command.internship.FindCommand execute
INFO: Parameters in FindCommand: {description=general}
Apr 06, 2025 11:44:24 PM seedu.internsprint.logic.command.CommandResult <init>
INFO: One line of feedback provided to user...
Apr 06, 2025 11:44:24 PM seedu.internsprint.logic.command.internship.FindCommand execute
INFO: No internships found satisfying the criteria
Apr 06, 2025 11:44:24 PM seedu.internsprint.logic.command.internship.FindCommand execute
INFO: Starting Find Command processing
Apr 06, 2025 11:44:24 PM seedu.internsprint.logic.command.internship.FindCommand execute
INFO: Parameters in FindCommand: {}
Apr 06, 2025 11:44:24 PM seedu.internsprint.logic.command.CommandResult <init>
INFO: One line of feedback provided to user...
Apr 06, 2025 11:44:24 PM seedu.internsprint.logic.command.internship.FindCommand execute
WARNING: Missing value processing error
Apr 06, 2025 11:44:24 PM seedu.internsprint.logic.command.internship.FindCommand execute
INFO: Starting Find Command processing
Apr 06, 2025 11:44:24 PM seedu.internsprint.logic.command.internship.FindCommand execute
INFO: Parameters in FindCommand: {description=software}
Apr 06, 2025 11:44:24 PM seedu.internsprint.logic.command.CommandResult <init>
INFO: One line of feedback provided to user alongside some relevant internship...
Apr 06, 2025 11:44:24 PM seedu.internsprint.logic.command.internship.FindCommand execute
INFO: Internships found successfully
Apr 06, 2025 11:44:24 PM seedu.internsprint.logic.command.internship.FindCommand execute
INFO: Starting Find Command processing
Apr 06, 2025 11:44:24 PM seedu.internsprint.logic.command.internship.FindCommand execute
INFO: Parameters in FindCommand: {/c=Facebook}
Apr 06, 2025 11:44:24 PM seedu.internsprint.logic.command.CommandResult <init>
INFO: One line of feedback provided to user alongside some relevant internship...
Apr 06, 2025 11:44:24 PM seedu.internsprint.logic.command.internship.FindCommand execute
INFO: Internships found successfully
Apr 06, 2025 11:44:24 PM seedu.internsprint.logic.command.internship.FindCommand execute
INFO: Starting Find Command processing
Apr 06, 2025 11:44:24 PM seedu.internsprint.logic.command.internship.FindCommand execute
INFO: Parameters in FindCommand: {/r= , /c= , description= }
Apr 06, 2025 11:44:24 PM seedu.internsprint.logic.command.CommandResult <init>
INFO: One line of feedback provided to user...
Apr 06, 2025 11:44:24 PM seedu.internsprint.logic.command.internship.FindCommand execute
WARNING: Missing value processing error
Apr 06, 2025 11:44:24 PM seedu.internsprint.logic.command.internship.FindCommand execute
INFO: Starting Find Command processing
Apr 06, 2025 11:44:24 PM seedu.internsprint.logic.command.internship.FindCommand execute
INFO: Parameters in FindCommand: {/r=software Intern}
Apr 06, 2025 11:44:24 PM seedu.internsprint.logic.command.CommandResult <init>
INFO: One line of feedback provided to user alongside some relevant internship...
Apr 06, 2025 11:44:24 PM seedu.internsprint.logic.command.internship.FindCommand execute
INFO: Internships found successfully
Apr 06, 2025 11:44:24 PM seedu.internsprint.logic.command.internship.HelpCommand execute
INFO: Starting Help Command processing
Apr 06, 2025 11:44:24 PM seedu.internsprint.logic.command.internship.HelpCommand execute
INFO: End of Help Command processing
Apr 06, 2025 11:44:24 PM seedu.internsprint.logic.command.CommandResult <init>
INFO: One line of feedback provided to user...
Apr 06, 2025 11:44:24 PM seedu.internsprint.logic.command.internship.HelpCommand execute
INFO: Starting Help Command processing
Apr 06, 2025 11:44:24 PM seedu.internsprint.logic.command.internship.HelpCommand execute
INFO: End of Help Command processing
Apr 06, 2025 11:44:24 PM seedu.internsprint.logic.command.CommandResult <init>
INFO: One line of feedback provided to user...
Apr 06, 2025 11:44:24 PM seedu.internsprint.logic.command.internship.HelpCommand execute
INFO: Starting Help Command processing
Apr 06, 2025 11:44:24 PM seedu.internsprint.logic.command.internship.HelpCommand execute
WARNING: Invalid parameters processing error
Apr 06, 2025 11:44:24 PM seedu.internsprint.logic.command.CommandResult <init>
INFO: One line of feedback provided to user...
Apr 06, 2025 11:44:24 PM seedu.internsprint.logic.command.internship.ListCommand isValidParameters
INFO: Entering into the check for parameters in list command
Apr 06, 2025 11:44:24 PM seedu.internsprint.logic.command.internship.ListCommand execute
INFO: Executing list command
Apr 06, 2025 11:44:24 PM seedu.internsprint.logic.command.internship.ListCommand isValidParameters
INFO: Entering into the check for parameters in list command
Apr 06, 2025 11:44:24 PM seedu.internsprint.logic.command.internship.ListCommand execute
INFO: List command executed successfully
Apr 06, 2025 11:44:24 PM seedu.internsprint.logic.command.CommandResult <init>
INFO: Multiple feedback provided to user...
Apr 06, 2025 11:44:24 PM seedu.internsprint.logic.command.internship.ListCommand execute
INFO: Executing list command
Apr 06, 2025 11:44:24 PM seedu.internsprint.logic.command.internship.ListCommand isValidParameters
INFO: Entering into the check for parameters in list command
Apr 06, 2025 11:44:24 PM seedu.internsprint.logic.command.internship.ListCommand execute
INFO: List command executed successfully
Apr 06, 2025 11:44:24 PM seedu.internsprint.logic.command.CommandResult <init>
INFO: Multiple feedback provided to user...
Apr 06, 2025 11:44:24 PM seedu.internsprint.logic.command.internship.ListCommand execute
INFO: Executing list command
Apr 06, 2025 11:44:24 PM seedu.internsprint.logic.command.internship.ListCommand isValidParameters
INFO: Entering into the check for parameters in list command
Apr 06, 2025 11:44:24 PM seedu.internsprint.logic.command.CommandResult <init>
INFO: One line of feedback provided to user...
Apr 06, 2025 11:44:24 PM seedu.internsprint.logic.command.internship.ListCommand execute
INFO: No internships found in the list
Apr 06, 2025 11:44:24 PM seedu.internsprint.logic.command.internship.ListCommand isValidParameters
INFO: Entering into the check for parameters in list command
Apr 06, 2025 11:44:24 PM seedu.internsprint.logic.command.user.ProjectGeneralCommand createProject
INFO: Creating General Project
Apr 06, 2025 11:44:24 PM seedu.internsprint.logic.command.user.ProjectHardwareCommand createProject
INFO: Creating Hardware Project
Apr 06, 2025 11:44:24 PM seedu.internsprint.logic.command.user.ProjectSoftwareCommand createProject
INFO: Creating Software Project
Apr 06, 2025 11:44:24 PM seedu.internsprint.logic.command.user.UserProfileCommand execute
INFO: Entering execute for user command...
Apr 06, 2025 11:44:24 PM seedu.internsprint.logic.command.user.UserProfileCommand isValidParameters
INFO: Entering check for parameters in user command.
Apr 06, 2025 11:44:24 PM seedu.internsprint.logic.command.user.UserProfileCommand setUserProfileAttributes
INFO: Updating given parameters...
Apr 06, 2025 11:44:24 PM seedu.internsprint.model.userprofile.UserProfile saveProfile
INFO: Saving user profile to file...
Apr 06, 2025 11:44:24 PM seedu.internsprint.storage.ProfileStorageHandler save
INFO: Saving user profile to file...
Apr 06, 2025 11:44:24 PM seedu.internsprint.storage.ProfileStorageHandler save
INFO: Successfully saved user profile to file C:\Users\USER\Desktop\CS2113\tp\data\user.txt
Apr 06, 2025 11:44:24 PM seedu.internsprint.logic.command.CommandResult <init>
INFO: Multiple feedback provided to user and command is unsuccessful...
Apr 06, 2025 11:44:24 PM seedu.internsprint.model.userprofile.UserProfile toString
INFO: Returning basic string for user profile
Apr 06, 2025 11:44:24 PM seedu.internsprint.logic.command.CommandResult <init>
INFO: Multiple feedback provided to user...
Apr 06, 2025 11:44:24 PM seedu.internsprint.logic.command.user.UserProfileCommand isValidParameters
INFO: Entering check for parameters in user command.
Apr 06, 2025 11:44:24 PM seedu.internsprint.logic.command.user.UserProfileCommand isValidParameters
INFO: Entering check for parameters in user command.
Apr 06, 2025 11:44:24 PM seedu.internsprint.logic.command.user.UserProfileCommand isValidParameters
WARNING: There is some invalid key found.
Apr 06, 2025 11:44:24 PM seedu.internsprint.logic.command.user.ViewGeneralProjectsCommand execute
INFO: Entering execute in view projects general command...
Apr 06, 2025 11:44:24 PM seedu.internsprint.logic.command.user.ViewGeneralProjectsCommand execute
INFO: Entering execute in view projects general command...
Apr 06, 2025 11:44:24 PM seedu.internsprint.logic.command.CommandResult <init>
INFO: Multiple feedback provided to user...
Apr 06, 2025 11:44:24 PM seedu.internsprint.logic.command.user.ViewGeneralProjectsCommand execute
INFO: Entering execute in view projects general command...
Apr 06, 2025 11:44:24 PM seedu.internsprint.logic.command.CommandResult <init>
INFO: Multiple feedback provided to user...
Apr 06, 2025 11:44:24 PM seedu.internsprint.logic.command.user.ViewHardwareProjectsCommand execute
INFO: Entering execute in view projects hadrware command...
Apr 06, 2025 11:44:24 PM seedu.internsprint.logic.command.CommandResult <init>
INFO: Multiple feedback provided to user...
Apr 06, 2025 11:44:24 PM seedu.internsprint.logic.command.user.ViewHardwareProjectsCommand execute
INFO: Entering execute in view projects hadrware command...
Apr 06, 2025 11:44:24 PM seedu.internsprint.logic.command.CommandResult <init>
INFO: Multiple feedback provided to user...
Apr 06, 2025 11:44:24 PM seedu.internsprint.logic.command.user.ViewHardwareProjectsCommand execute
INFO: Entering execute in view projects hadrware command...
Apr 06, 2025 11:44:24 PM seedu.internsprint.logic.command.user.ViewSoftwareProjectsCommand execute
INFO: Entering execute in view projects software command...
Apr 06, 2025 11:44:24 PM seedu.internsprint.logic.command.CommandResult <init>
INFO: Multiple feedback provided to user...
Apr 06, 2025 11:44:24 PM seedu.internsprint.logic.command.user.ViewSoftwareProjectsCommand execute
INFO: Entering execute in view projects software command...
Apr 06, 2025 11:44:24 PM seedu.internsprint.logic.command.CommandResult <init>
INFO: Multiple feedback provided to user...
Apr 06, 2025 11:44:24 PM seedu.internsprint.logic.command.user.ViewSoftwareProjectsCommand execute
INFO: Entering execute in view projects software command...
Apr 06, 2025 11:44:24 PM seedu.internsprint.logic.command.user.ViewUserCommand execute
INFO: Entering execute in view user profile command...
Apr 06, 2025 11:44:24 PM seedu.internsprint.logic.command.CommandResult <init>
INFO: Multiple feedback provided to user...
Apr 06, 2025 11:45:05 PM seedu.internsprint.InternSprint run
INFO: Starting InternSprint
Apr 06, 2025 11:45:05 PM seedu.internsprint.InternSprint runCommandLoopUntilExitCommand
INFO: Loading internships helfrom storage
Apr 06, 2025 11:45:05 PM seedu.internsprint.InternSprint loadData
INFO: Loading data from storage
Apr 06, 2025 11:45:05 PM seedu.internsprint.storage.InternshipStorageHandler load
INFO: Beginning process to load internships from file ...
Apr 06, 2025 11:45:05 PM seedu.internsprint.storage.InternshipStorageHandler load
INFO: Successfully added internships from file to internship list in app
Apr 06, 2025 11:45:05 PM seedu.internsprint.logic.command.CommandResult <init>
INFO: One line of feedback provided to user...
Apr 06, 2025 11:45:05 PM seedu.internsprint.storage.InterviewStorageHandler load
INFO: Beginning process to load interviews from file ...
Apr 06, 2025 11:45:05 PM seedu.internsprint.storage.InterviewStorageHandler load
INFO: Successfully extracted interviews as JSON objects from file
Apr 06, 2025 11:45:05 PM seedu.internsprint.storage.InterviewStorageHandler load
INFO: Successfully added interviews from file to interview list in app
Apr 06, 2025 11:45:05 PM seedu.internsprint.logic.command.CommandResult <init>
INFO: One line of feedback provided to user...
Apr 06, 2025 11:45:05 PM seedu.internsprint.storage.ProfileStorageHandler load
INFO: Loading user profile from file...
Apr 06, 2025 11:45:05 PM seedu.internsprint.logic.command.CommandResult <init>
INFO: Multiple feedback provided to user and command is unsuccessful...
Apr 06, 2025 11:45:05 PM seedu.internsprint.storage.ProjectStorageHandler load
INFO: Beginning process to load projects from file ...
Apr 06, 2025 11:45:05 PM seedu.internsprint.storage.ProjectStorageHandler load
INFO: Successfully extracted projects as JSON objects from file
Apr 06, 2025 11:45:05 PM seedu.internsprint.storage.ProjectStorageHandler load
INFO: Successfully added projects from file to project list in app
Apr 06, 2025 11:45:05 PM seedu.internsprint.logic.command.CommandResult <init>
INFO: One line of feedback provided to user...
Apr 06, 2025 11:45:05 PM seedu.internsprint.InternSprint runCommandLoopUntilExitCommand
INFO: Data loaded successfully
Apr 06, 2025 11:45:18 PM seedu.internsprint.InternSprint runCommandLoopUntilExitCommand
INFO: User command: add general /c djdj /r djjd /dept jj
Apr 06, 2025 11:45:18 PM seedu.internsprint.logic.parser.CommandParser parseCommand
INFO: User command inside parseCommand: add general /c djdj /r djjd /dept jj
Apr 06, 2025 11:45:18 PM seedu.internsprint.InternSprint runCommandLoopUntilExitCommand
INFO: Parsed Command: seedu.internsprint.logic.command.internship.AddGeneralInternshipCommand@66cd51c3
Apr 06, 2025 11:45:18 PM seedu.internsprint.logic.command.internship.AddInternshipCommand execute
INFO: Executing add command
Apr 06, 2025 11:45:18 PM seedu.internsprint.logic.command.internship.AddGeneralInternshipCommand createInternship
INFO: Creating General Internship
Apr 06, 2025 11:45:18 PM seedu.internsprint.storage.InternshipStorageHandler save
INFO: Saving Internships to file ...
Apr 06, 2025 11:45:18 PM seedu.internsprint.storage.InternshipStorageHandler save
INFO: Successfully saved 2 Internships to file C:\Users\USER\Desktop\CS2113\tp\data\internships.txt
Apr 06, 2025 11:45:18 PM seedu.internsprint.storage.InterviewStorageHandler save
INFO: Saving Interviews to file ...
Apr 06, 2025 11:45:18 PM seedu.internsprint.storage.InterviewStorageHandler save
INFO: Successfully saved 0 Interviews to file C:\Users\USER\Desktop\CS2113\tp\data\interviews.txt
Apr 06, 2025 11:45:18 PM seedu.internsprint.logic.command.internship.AddInternshipCommand execute
INFO: Internship added successfully and saved to file
Apr 06, 2025 11:45:18 PM seedu.internsprint.logic.command.CommandResult <init>
INFO: Multiple feedback provided to user...
Apr 06, 2025 11:45:18 PM seedu.internsprint.InternSprint runCommandLoopUntilExitCommand
INFO: Command executed successfully
Apr 06, 2025 11:45:26 PM seedu.internsprint.InternSprint runCommandLoopUntilExitCommand
INFO: User command: project general
Apr 06, 2025 11:45:26 PM seedu.internsprint.logic.parser.CommandParser parseCommand
INFO: User command inside parseCommand: project general
Apr 06, 2025 11:45:26 PM seedu.internsprint.InternSprint runCommandLoopUntilExitCommand
INFO: Parsed Command: seedu.internsprint.logic.command.user.ProjectGeneralCommand@1b701da1
Apr 06, 2025 11:45:26 PM seedu.internsprint.logic.command.user.ProjectCommand execute
INFO: Executing add command
Apr 06, 2025 11:45:26 PM seedu.internsprint.logic.command.user.ProjectCommand execute
WARNING: Invalid parameters entered
Apr 06, 2025 11:45:26 PM seedu.internsprint.logic.command.CommandResult <init>
INFO: One line of feedback provided to user...
Apr 06, 2025 11:45:26 PM seedu.internsprint.InternSprint runCommandLoopUntilExitCommand
INFO: Command executed successfully
Apr 06, 2025 11:45:35 PM seedu.internsprint.InternSprint runCommandLoopUntilExitCommand
INFO: User command: project general /n Team Project for CS2113 /r Unit Tester /dept Software Engineering/obj To get an A+ /desc Worked at identifying feature flaws in app /dur May-August
Apr 06, 2025 11:45:35 PM seedu.internsprint.logic.parser.CommandParser parseCommand
INFO: User command inside parseCommand: project general /n Team Project for CS2113 /r Unit Tester /dept Software Engineering/obj To get an A+ /desc Worked at identifying feature flaws in app /dur May-August
Apr 06, 2025 11:45:35 PM seedu.internsprint.InternSprint runCommandLoopUntilExitCommand
INFO: Parsed Command: seedu.internsprint.logic.command.user.ProjectGeneralCommand@726f3b58
Apr 06, 2025 11:45:35 PM seedu.internsprint.logic.command.user.ProjectCommand execute
INFO: Executing add command
Apr 06, 2025 11:45:35 PM seedu.internsprint.logic.command.user.ProjectGeneralCommand createProject
INFO: Creating General Project
Apr 06, 2025 11:45:35 PM seedu.internsprint.storage.ProjectStorageHandler save
INFO: Saving Projects to file ...
Apr 06, 2025 11:45:35 PM seedu.internsprint.storage.ProjectStorageHandler save
INFO: Successfully saved 3 Projects to file C:\Users\USER\Desktop\CS2113\tp\data\projects.txt
Apr 06, 2025 11:45:35 PM seedu.internsprint.logic.command.user.ProjectCommand execute
INFO: Internship added successfully and saved to file
Apr 06, 2025 11:45:35 PM seedu.internsprint.logic.command.CommandResult <init>
INFO: Multiple feedback provided to user...
Apr 06, 2025 11:45:35 PM seedu.internsprint.InternSprint runCommandLoopUntilExitCommand
INFO: Command executed successfully
Apr 06, 2025 11:45:56 PM seedu.internsprint.InternSprint run
INFO: Starting InternSprint
Apr 06, 2025 11:45:56 PM seedu.internsprint.InternSprint runCommandLoopUntilExitCommand
INFO: Loading internships helfrom storage
Apr 06, 2025 11:45:56 PM seedu.internsprint.InternSprint loadData
INFO: Loading data from storage
Apr 06, 2025 11:45:56 PM seedu.internsprint.storage.InternshipStorageHandler load
INFO: Beginning process to load internships from file ...
Apr 06, 2025 11:45:56 PM seedu.internsprint.storage.InternshipStorageHandler load
INFO: Successfully added internships from file to internship list in app
Apr 06, 2025 11:45:56 PM seedu.internsprint.logic.command.CommandResult <init>
INFO: One line of feedback provided to user...
Apr 06, 2025 11:45:56 PM seedu.internsprint.storage.InterviewStorageHandler load
INFO: Beginning process to load interviews from file ...
Apr 06, 2025 11:45:56 PM seedu.internsprint.storage.InterviewStorageHandler load
INFO: Successfully extracted interviews as JSON objects from file
Apr 06, 2025 11:45:56 PM seedu.internsprint.storage.InterviewStorageHandler load
INFO: Successfully added interviews from file to interview list in app
Apr 06, 2025 11:45:56 PM seedu.internsprint.logic.command.CommandResult <init>
INFO: One line of feedback provided to user...
Apr 06, 2025 11:45:56 PM seedu.internsprint.storage.ProfileStorageHandler load
INFO: Loading user profile from file...
Apr 06, 2025 11:45:56 PM seedu.internsprint.storage.ProfileStorageHandler load
WARNING: Corrupted user profile entry: Error processing line 4: 'Preed Industries: Tech' - Unexpected line in user profile at line 4: 'Preed Industries: Tech'
Apr 06, 2025 11:45:56 PM seedu.internsprint.logic.command.CommandResult <init>
INFO: Multiple feedback provided to user...
Apr 06, 2025 11:45:56 PM seedu.internsprint.storage.ProjectStorageHandler load
INFO: Beginning process to load projects from file ...
Apr 06, 2025 11:45:56 PM seedu.internsprint.storage.ProjectStorageHandler load
INFO: Successfully extracted projects as JSON objects from file
Apr 06, 2025 11:45:56 PM seedu.internsprint.storage.ProjectStorageHandler load
WARNING: Skipping corrupted entry: JSONObject["type"] not found.
Apr 06, 2025 11:45:56 PM seedu.internsprint.logic.command.CommandResult <init>
INFO: Multiple feedback provided to user...
Apr 06, 2025 11:45:56 PM seedu.internsprint.InternSprint exit
INFO: Exiting InternSprint
Apr 06, 2025 11:46:31 PM seedu.internsprint.InternSprint run
INFO: Starting InternSprint
Apr 06, 2025 11:46:31 PM seedu.internsprint.InternSprint runCommandLoopUntilExitCommand
INFO: Loading internships helfrom storage
Apr 06, 2025 11:46:31 PM seedu.internsprint.InternSprint loadData
INFO: Loading data from storage
Apr 06, 2025 11:46:31 PM seedu.internsprint.storage.InternshipStorageHandler load
INFO: Beginning process to load internships from file ...
Apr 06, 2025 11:46:31 PM seedu.internsprint.storage.InternshipStorageHandler load
INFO: Successfully added internships from file to internship list in app
Apr 06, 2025 11:46:31 PM seedu.internsprint.logic.command.CommandResult <init>
INFO: One line of feedback provided to user...
Apr 06, 2025 11:46:31 PM seedu.internsprint.storage.InterviewStorageHandler load
INFO: Beginning process to load interviews from file ...
Apr 06, 2025 11:46:31 PM seedu.internsprint.storage.InterviewStorageHandler load
INFO: Successfully extracted interviews as JSON objects from file
Apr 06, 2025 11:46:31 PM seedu.internsprint.storage.InterviewStorageHandler load
INFO: Successfully added interviews from file to interview list in app
Apr 06, 2025 11:46:31 PM seedu.internsprint.logic.command.CommandResult <init>
INFO: One line of feedback provided to user...
Apr 06, 2025 11:46:31 PM seedu.internsprint.storage.ProfileStorageHandler load
INFO: Loading user profile from file...
Apr 06, 2025 11:46:31 PM seedu.internsprint.storage.ProfileStorageHandler load
WARNING: Corrupted user profile entry: Error processing line 4: 'Preed Industries: Tech' - Unexpected line in user profile at line 4: 'Preed Industries: Tech'
Apr 06, 2025 11:46:31 PM seedu.internsprint.logic.command.CommandResult <init>
INFO: Multiple feedback provided to user...
Apr 06, 2025 11:46:31 PM seedu.internsprint.storage.ProjectStorageHandler load
INFO: Beginning process to load projects from file ...
Apr 06, 2025 11:46:31 PM seedu.internsprint.storage.ProjectStorageHandler load
INFO: Successfully extracted projects as JSON objects from file
Apr 06, 2025 11:46:31 PM seedu.internsprint.storage.ProjectStorageHandler load
WARNING: Skipping corrupted entry: JSONObject["type"] not found.
Apr 06, 2025 11:46:31 PM seedu.internsprint.storage.ProjectStorageHandler load
WARNING: Skipping corrupted entry: JSONObject["programmingLanguages"] not found.
Apr 06, 2025 11:46:31 PM seedu.internsprint.logic.command.CommandResult <init>
INFO: Multiple feedback provided to user...
Apr 06, 2025 11:46:31 PM seedu.internsprint.InternSprint exit
INFO: Exiting InternSprint
Apr 06, 2025 11:46:59 PM seedu.internsprint.InternSprint run
INFO: Starting InternSprint
Apr 06, 2025 11:46:59 PM seedu.internsprint.InternSprint runCommandLoopUntilExitCommand
INFO: Loading internships helfrom storage
Apr 06, 2025 11:46:59 PM seedu.internsprint.InternSprint loadData
INFO: Loading data from storage
Apr 06, 2025 11:46:59 PM seedu.internsprint.storage.InternshipStorageHandler load
INFO: Beginning process to load internships from file ...
Apr 06, 2025 11:46:59 PM seedu.internsprint.storage.InternshipStorageHandler load
INFO: Successfully added internships from file to internship list in app
Apr 06, 2025 11:46:59 PM seedu.internsprint.logic.command.CommandResult <init>
INFO: One line of feedback provided to user...
Apr 06, 2025 11:46:59 PM seedu.internsprint.storage.InterviewStorageHandler load
INFO: Beginning process to load interviews from file ...
Apr 06, 2025 11:46:59 PM seedu.internsprint.storage.InterviewStorageHandler load
INFO: Successfully extracted interviews as JSON objects from file
Apr 06, 2025 11:46:59 PM seedu.internsprint.storage.InterviewStorageHandler load
INFO: Successfully added interviews from file to interview list in app
Apr 06, 2025 11:46:59 PM seedu.internsprint.logic.command.CommandResult <init>
INFO: One line of feedback provided to user...
Apr 06, 2025 11:46:59 PM seedu.internsprint.storage.ProfileStorageHandler load
INFO: Loading user profile from file...
Apr 06, 2025 11:46:59 PM seedu.internsprint.storage.ProfileStorageHandler load
WARNING: Corrupted user profile entry: Error processing line 4: 'Preed Industries: Tech' - Unexpected line in user profile at line 4: 'Preed Industries: Tech'
Apr 06, 2025 11:46:59 PM seedu.internsprint.logic.command.CommandResult <init>
INFO: Multiple feedback provided to user...
Apr 06, 2025 11:46:59 PM seedu.internsprint.storage.ProjectStorageHandler load
INFO: Beginning process to load projects from file ...
Apr 06, 2025 11:46:59 PM seedu.internsprint.storage.ProjectStorageHandler load
INFO: Successfully extracted projects as JSON objects from file
Apr 06, 2025 11:46:59 PM seedu.internsprint.storage.ProjectStorageHandler load
WARNING: Skipping corrupted entry: JSONObject["type"] not found.
Apr 06, 2025 11:46:59 PM seedu.internsprint.storage.ProjectStorageHandler load
WARNING: Skipping corrupted entry: JSONObject["programmingLanguages"] not found.
Apr 06, 2025 11:46:59 PM seedu.internsprint.storage.ProjectStorageHandler load
WARNING: Skipping corrupted entry: JSONObject["role"] not found.
Apr 06, 2025 11:46:59 PM seedu.internsprint.logic.command.CommandResult <init>
INFO: Multiple feedback provided to user...
Apr 06, 2025 11:46:59 PM seedu.internsprint.InternSprint exit
INFO: Exiting InternSprint
Apr 06, 2025 11:47:20 PM seedu.internsprint.InternSprint run
INFO: Starting InternSprint
Apr 06, 2025 11:47:20 PM seedu.internsprint.InternSprint runCommandLoopUntilExitCommand
INFO: Loading internships helfrom storage
Apr 06, 2025 11:47:20 PM seedu.internsprint.InternSprint loadData
INFO: Loading data from storage
Apr 06, 2025 11:47:20 PM seedu.internsprint.storage.InternshipStorageHandler load
INFO: Beginning process to load internships from file ...
Apr 06, 2025 11:47:20 PM seedu.internsprint.storage.InternshipStorageHandler load
WARNING: Skipping corrupted entry: JSONObject["type"] not found.
Apr 06, 2025 11:47:20 PM seedu.internsprint.logic.command.CommandResult <init>
INFO: Multiple feedback provided to user...
Apr 06, 2025 11:47:20 PM seedu.internsprint.storage.InterviewStorageHandler load
INFO: Beginning process to load interviews from file ...
Apr 06, 2025 11:47:20 PM seedu.internsprint.storage.InterviewStorageHandler load
INFO: Successfully extracted interviews as JSON objects from file
Apr 06, 2025 11:47:20 PM seedu.internsprint.storage.InterviewStorageHandler load
INFO: Successfully added interviews from file to interview list in app
Apr 06, 2025 11:47:20 PM seedu.internsprint.logic.command.CommandResult <init>
INFO: One line of feedback provided to user...
Apr 06, 2025 11:47:20 PM seedu.internsprint.storage.ProfileStorageHandler load
INFO: Loading user profile from file...
Apr 06, 2025 11:47:20 PM seedu.internsprint.storage.ProfileStorageHandler load
WARNING: Corrupted user profile entry: Error processing line 4: 'Preed Industries: Tech' - Unexpected line in user profile at line 4: 'Preed Industries: Tech'
Apr 06, 2025 11:47:20 PM seedu.internsprint.logic.command.CommandResult <init>
INFO: Multiple feedback provided to user...
Apr 06, 2025 11:47:20 PM seedu.internsprint.storage.ProjectStorageHandler load
INFO: Beginning process to load projects from file ...
Apr 06, 2025 11:47:20 PM seedu.internsprint.storage.ProjectStorageHandler load
INFO: Successfully extracted projects as JSON objects from file
Apr 06, 2025 11:47:20 PM seedu.internsprint.storage.ProjectStorageHandler load
WARNING: Skipping corrupted entry: JSONObject["type"] not found.
Apr 06, 2025 11:47:20 PM seedu.internsprint.storage.ProjectStorageHandler load
WARNING: Skipping corrupted entry: JSONObject["programmingLanguages"] not found.
Apr 06, 2025 11:47:20 PM seedu.internsprint.storage.ProjectStorageHandler load
WARNING: Skipping corrupted entry: JSONObject["role"] not found.
Apr 06, 2025 11:47:20 PM seedu.internsprint.logic.command.CommandResult <init>
INFO: Multiple feedback provided to user...
Apr 06, 2025 11:47:20 PM seedu.internsprint.InternSprint exit
INFO: Exiting InternSprint
Apr 06, 2025 11:47:54 PM seedu.internsprint.InternSprint run
INFO: Starting InternSprint
Apr 06, 2025 11:47:54 PM seedu.internsprint.InternSprint runCommandLoopUntilExitCommand
INFO: Loading internships helfrom storage
Apr 06, 2025 11:47:54 PM seedu.internsprint.InternSprint loadData
INFO: Loading data from storage
Apr 06, 2025 11:47:54 PM seedu.internsprint.storage.InternshipStorageHandler load
INFO: Beginning process to load internships from file ...
Apr 06, 2025 11:47:54 PM seedu.internsprint.storage.InternshipStorageHandler load
INFO: Successfully added internships from file to internship list in app
Apr 06, 2025 11:47:54 PM seedu.internsprint.logic.command.CommandResult <init>
INFO: One line of feedback provided to user...
Apr 06, 2025 11:47:54 PM seedu.internsprint.storage.InterviewStorageHandler load
INFO: Beginning process to load interviews from file ...
Apr 06, 2025 11:47:54 PM seedu.internsprint.storage.InterviewStorageHandler load
INFO: Successfully extracted interviews as JSON objects from file
Apr 06, 2025 11:47:54 PM seedu.internsprint.storage.InterviewStorageHandler load
INFO: Successfully added interviews from file to interview list in app
Apr 06, 2025 11:47:54 PM seedu.internsprint.logic.command.CommandResult <init>
INFO: One line of feedback provided to user...
Apr 06, 2025 11:47:54 PM seedu.internsprint.storage.ProfileStorageHandler load
INFO: Loading user profile from file...
Apr 06, 2025 11:47:54 PM seedu.internsprint.logic.command.CommandResult <init>
INFO: Multiple feedback provided to user and command is unsuccessful...
Apr 06, 2025 11:47:54 PM seedu.internsprint.storage.ProjectStorageHandler load
INFO: Beginning process to load projects from file ...
Apr 06, 2025 11:47:54 PM seedu.internsprint.storage.ProjectStorageHandler load
INFO: Data file is either missing or empty
Apr 06, 2025 11:47:54 PM seedu.internsprint.logic.command.CommandResult <init>
INFO: One line of feedback provided to user...
Apr 06, 2025 11:47:54 PM seedu.internsprint.InternSprint runCommandLoopUntilExitCommand
INFO: Data loaded successfully
Apr 06, 2025 11:48:03 PM seedu.internsprint.InternSprint runCommandLoopUntilExitCommand
INFO: User command: interviewfor
Apr 06, 2025 11:48:03 PM seedu.internsprint.logic.parser.CommandParser parseCommand
INFO: User command inside parseCommand: interviewfor
Apr 06, 2025 11:48:03 PM seedu.internsprint.InternSprint runCommandLoopUntilExitCommand
INFO: Parsed Command: seedu.internsprint.logic.command.internship.AddInterviewCommand@28ba21f3
Apr 06, 2025 11:48:03 PM seedu.internsprint.logic.command.internship.AddInterviewCommand execute
INFO: Executing add interview command...
Apr 06, 2025 11:48:03 PM seedu.internsprint.logic.command.internship.AddInterviewCommand isValidParameters
INFO: Entering check for parameters in add interview command.
Apr 06, 2025 11:48:03 PM seedu.internsprint.logic.command.internship.AddInterviewCommand isValidParameters
SEVERE: There is no specified index.
Apr 06, 2025 11:48:03 PM seedu.internsprint.logic.command.internship.AddInterviewCommand execute
WARNING: Invalid parameters in add interview command.
Apr 06, 2025 11:48:03 PM seedu.internsprint.logic.command.CommandResult <init>
INFO: Multiple feedback provided to user...
Apr 06, 2025 11:48:03 PM seedu.internsprint.InternSprint runCommandLoopUntilExitCommand
INFO: Command executed successfully
Apr 06, 2025 11:48:10 PM seedu.internsprint.InternSprint runCommandLoopUntilExitCommand
INFO: User command: interviewfor /index 1 /date 2021-10-10 /start 10:00 /end 11:00 /type Coding
Apr 06, 2025 11:48:10 PM seedu.internsprint.logic.parser.CommandParser parseCommand
INFO: User command inside parseCommand: interviewfor /index 1 /date 2021-10-10 /start 10:00 /end 11:00 /type Coding
Apr 06, 2025 11:48:10 PM seedu.internsprint.InternSprint runCommandLoopUntilExitCommand
INFO: Parsed Command: seedu.internsprint.logic.command.internship.AddInterviewCommand@f2a0b8e
Apr 06, 2025 11:48:10 PM seedu.internsprint.logic.command.internship.AddInterviewCommand execute
INFO: Executing add interview command...
Apr 06, 2025 11:48:10 PM seedu.internsprint.logic.command.internship.AddInterviewCommand isValidParameters
INFO: Entering check for parameters in add interview command.
Apr 06, 2025 11:48:11 PM seedu.internsprint.storage.InternshipStorageHandler save
INFO: Saving Internships to file ...
Apr 06, 2025 11:48:11 PM seedu.internsprint.storage.InternshipStorageHandler save
INFO: Successfully saved 2 Internships to file C:\Users\USER\Desktop\CS2113\tp\data\internships.txt
Apr 06, 2025 11:48:11 PM seedu.internsprint.storage.InterviewStorageHandler save
INFO: Saving Interviews to file ...
Apr 06, 2025 11:48:11 PM seedu.internsprint.storage.InterviewStorageHandler save
INFO: Successfully saved 1 Interviews to file C:\Users\USER\Desktop\CS2113\tp\data\interviews.txt
Apr 06, 2025 11:48:11 PM seedu.internsprint.logic.command.CommandResult <init>
INFO: Multiple feedback provided to user and command is unsuccessful...
Apr 06, 2025 11:48:11 PM seedu.internsprint.InternSprint runCommandLoopUntilExitCommand
INFO: Command executed successfully
Apr 06, 2025 11:48:19 PM seedu.internsprint.InternSprint runCommandLoopUntilExitCommand
INFO: User command: interviewfor /index 2 /date 2021-10-10 /start 10:00 /end 11:00 /type Coding
Apr 06, 2025 11:48:19 PM seedu.internsprint.logic.parser.CommandParser parseCommand
INFO: User command inside parseCommand: interviewfor /index 2 /date 2021-10-10 /start 10:00 /end 11:00 /type Coding
Apr 06, 2025 11:48:19 PM seedu.internsprint.InternSprint runCommandLoopUntilExitCommand
INFO: Parsed Command: seedu.internsprint.logic.command.internship.AddInterviewCommand@61832929
Apr 06, 2025 11:48:19 PM seedu.internsprint.logic.command.internship.AddInterviewCommand execute
INFO: Executing add interview command...
Apr 06, 2025 11:48:19 PM seedu.internsprint.logic.command.internship.AddInterviewCommand isValidParameters
INFO: Entering check for parameters in add interview command.
Apr 06, 2025 11:48:19 PM seedu.internsprint.storage.InternshipStorageHandler save
INFO: Saving Internships to file ...
Apr 06, 2025 11:48:19 PM seedu.internsprint.storage.InternshipStorageHandler save
INFO: Successfully saved 2 Internships to file C:\Users\USER\Desktop\CS2113\tp\data\internships.txt
Apr 06, 2025 11:48:19 PM seedu.internsprint.storage.InterviewStorageHandler save
INFO: Saving Interviews to file ...
Apr 06, 2025 11:48:19 PM seedu.internsprint.storage.InterviewStorageHandler save
INFO: Successfully saved 2 Interviews to file C:\Users\USER\Desktop\CS2113\tp\data\interviews.txt
Apr 06, 2025 11:48:19 PM seedu.internsprint.logic.command.CommandResult <init>
INFO: Multiple feedback provided to user and command is unsuccessful...
Apr 06, 2025 11:48:19 PM seedu.internsprint.InternSprint runCommandLoopUntilExitCommand
INFO: Command executed successfully
Apr 06, 2025 11:48:27 PM seedu.internsprint.InternSprint run
INFO: Starting InternSprint
Apr 06, 2025 11:48:27 PM seedu.internsprint.InternSprint runCommandLoopUntilExitCommand
INFO: Loading internships helfrom storage
Apr 06, 2025 11:48:27 PM seedu.internsprint.InternSprint loadData
INFO: Loading data from storage
Apr 06, 2025 11:48:27 PM seedu.internsprint.storage.InternshipStorageHandler load
INFO: Beginning process to load internships from file ...
Apr 06, 2025 11:48:27 PM seedu.internsprint.storage.InternshipStorageHandler load
INFO: Successfully added internships from file to internship list in app
Apr 06, 2025 11:48:27 PM seedu.internsprint.logic.command.CommandResult <init>
INFO: One line of feedback provided to user...
Apr 06, 2025 11:48:27 PM seedu.internsprint.storage.InterviewStorageHandler load
INFO: Beginning process to load interviews from file ...
Apr 06, 2025 11:48:27 PM seedu.internsprint.storage.InterviewStorageHandler load
INFO: Successfully extracted interviews as JSON objects from file
Apr 06, 2025 11:48:27 PM seedu.internsprint.storage.InterviewStorageHandler load
WARNING: Skipping corrupted entry: JSONObject["endTime"] not found.
Apr 06, 2025 11:48:28 PM seedu.internsprint.logic.command.CommandResult <init>
INFO: Multiple feedback provided to user...
Apr 06, 2025 11:48:28 PM seedu.internsprint.storage.ProfileStorageHandler load
INFO: Loading user profile from file...
Apr 06, 2025 11:48:28 PM seedu.internsprint.logic.command.CommandResult <init>
INFO: Multiple feedback provided to user and command is unsuccessful...
Apr 06, 2025 11:48:28 PM seedu.internsprint.storage.ProjectStorageHandler load
INFO: Beginning process to load projects from file ...
Apr 06, 2025 11:48:28 PM seedu.internsprint.storage.ProjectStorageHandler load
INFO: Data file is either missing or empty
Apr 06, 2025 11:48:28 PM seedu.internsprint.logic.command.CommandResult <init>
INFO: One line of feedback provided to user...
Apr 06, 2025 11:48:28 PM seedu.internsprint.InternSprint exit
INFO: Exiting InternSprint
Apr 06, 2025 11:48:46 PM seedu.internsprint.InternSprint run
INFO: Starting InternSprint
Apr 06, 2025 11:48:46 PM seedu.internsprint.InternSprint runCommandLoopUntilExitCommand
INFO: Loading internships helfrom storage
Apr 06, 2025 11:48:46 PM seedu.internsprint.InternSprint loadData
INFO: Loading data from storage
Apr 06, 2025 11:48:46 PM seedu.internsprint.storage.InternshipStorageHandler load
INFO: Beginning process to load internships from file ...
Apr 06, 2025 11:48:46 PM seedu.internsprint.storage.InternshipStorageHandler load
INFO: Successfully added internships from file to internship list in app
Apr 06, 2025 11:48:46 PM seedu.internsprint.logic.command.CommandResult <init>
INFO: One line of feedback provided to user...
Apr 06, 2025 11:48:46 PM seedu.internsprint.storage.InterviewStorageHandler load
INFO: Beginning process to load interviews from file ...
Apr 06, 2025 11:48:46 PM seedu.internsprint.storage.InterviewStorageHandler load
INFO: Successfully extracted interviews as JSON objects from file
Apr 06, 2025 11:48:46 PM seedu.internsprint.storage.InterviewStorageHandler load
WARNING: Skipping corrupted entry: JSONObject["endTime"] not found.
Apr 06, 2025 11:48:46 PM seedu.internsprint.storage.InterviewStorageHandler load
WARNING: Skipping corrupted entry: JSONObject["startTime"] not found.
Apr 06, 2025 11:48:46 PM seedu.internsprint.logic.command.CommandResult <init>
INFO: Multiple feedback provided to user...
Apr 06, 2025 11:48:46 PM seedu.internsprint.storage.ProfileStorageHandler load
INFO: Loading user profile from file...
Apr 06, 2025 11:48:46 PM seedu.internsprint.logic.command.CommandResult <init>
INFO: Multiple feedback provided to user and command is unsuccessful...
Apr 06, 2025 11:48:46 PM seedu.internsprint.storage.ProjectStorageHandler load
INFO: Beginning process to load projects from file ...
Apr 06, 2025 11:48:46 PM seedu.internsprint.storage.ProjectStorageHandler load
INFO: Data file is either missing or empty
Apr 06, 2025 11:48:46 PM seedu.internsprint.logic.command.CommandResult <init>
INFO: One line of feedback provided to user...
Apr 06, 2025 11:48:46 PM seedu.internsprint.InternSprint exit
INFO: Exiting InternSprint
